<?xml version="1.0" encoding="UTF-8"?>
<testsuite xmlns:xsi="http://www.w3.org/2001/XMLSchema-instance" xsi:noNamespaceSchemaLocation="https://maven.apache.org/surefire/maven-surefire-plugin/xsd/surefire-test-report.xsd" name="MyTest" time="0.098" tests="31" errors="0" skipped="0" failures="0">
  <properties>
    <property name="java.specification.version" value="17"/>
    <property name="sun.cpu.isalist" value="amd64"/>
    <property name="sun.jnu.encoding" value="Cp1252"/>
    <property name="java.class.path" value="C:\Users\Michael\Documents\UIC-College\Junior\CS342\Project2\mjedzi3Project2\target\test-classes;C:\Users\Michael\Documents\UIC-College\Junior\CS342\Project2\mjedzi3Project2\target\classes;C:\Users\Michael\.m2\repository\org\junit\jupiter\junit-jupiter\5.8.2\junit-jupiter-5.8.2.jar;C:\Users\Michael\.m2\repository\org\junit\jupiter\junit-jupiter-engine\5.8.2\junit-jupiter-engine-5.8.2.jar;C:\Users\Michael\.m2\repository\org\junit\platform\junit-platform-engine\1.8.2\junit-platform-engine-1.8.2.jar;C:\Users\Michael\.m2\repository\org\junit\jupiter\junit-jupiter-api\5.8.2\junit-jupiter-api-5.8.2.jar;C:\Users\Michael\.m2\repository\org\opentest4j\opentest4j\1.2.0\opentest4j-1.2.0.jar;C:\Users\Michael\.m2\repository\org\junit\platform\junit-platform-commons\1.8.2\junit-platform-commons-1.8.2.jar;C:\Users\Michael\.m2\repository\org\apiguardian\apiguardian-api\1.1.2\apiguardian-api-1.1.2.jar;C:\Users\Michael\.m2\repository\org\junit\jupiter\junit-jupiter-params\5.8.2\junit-jupiter-params-5.8.2.jar;C:\Users\Michael\.m2\repository\org\openjfx\javafx-controls\19\javafx-controls-19.jar;C:\Users\Michael\.m2\repository\org\openjfx\javafx-controls\19\javafx-controls-19-win.jar;C:\Users\Michael\.m2\repository\org\openjfx\javafx-graphics\19\javafx-graphics-19.jar;C:\Users\Michael\.m2\repository\org\openjfx\javafx-graphics\19\javafx-graphics-19-win.jar;C:\Users\Michael\.m2\repository\org\openjfx\javafx-base\19\javafx-base-19.jar;C:\Users\Michael\.m2\repository\org\openjfx\javafx-base\19\javafx-base-19-win.jar;C:\Users\Michael\.m2\repository\org\openjfx\javafx-fxml\19\javafx-fxml-19.jar;C:\Users\Michael\.m2\repository\org\openjfx\javafx-fxml\19\javafx-fxml-19-win.jar;"/>
    <property name="java.vm.vendor" value="Oracle Corporation"/>
    <property name="sun.arch.data.model" value="64"/>
    <property name="user.variant" value=""/>
    <property name="java.vendor.url" value="https://java.oracle.com/"/>
    <property name="user.timezone" value="America/Chicago"/>
    <property name="os.name" value="Windows 10"/>
    <property name="java.vm.specification.version" value="17"/>
    <property name="sun.java.launcher" value="SUN_STANDARD"/>
    <property name="user.country" value="US"/>
    <property name="sun.boot.library.path" value="C:\Program Files\Java\jdk-17.0.4.1\bin"/>
    <property name="sun.java.command" value="C:\Users\Michael\AppData\Local\Temp\surefire13611433243603645207\surefirebooter4550883012343928021.jar C:\Users\Michael\AppData\Local\Temp\surefire13611433243603645207 2022-10-30T20-52-15_521-jvmRun1 surefire3424108862854125493tmp surefire_013995498917861387154tmp"/>
    <property name="jdk.debug" value="release"/>
    <property name="surefire.test.class.path" value="C:\Users\Michael\Documents\UIC-College\Junior\CS342\Project2\mjedzi3Project2\target\test-classes;C:\Users\Michael\Documents\UIC-College\Junior\CS342\Project2\mjedzi3Project2\target\classes;C:\Users\Michael\.m2\repository\org\junit\jupiter\junit-jupiter\5.8.2\junit-jupiter-5.8.2.jar;C:\Users\Michael\.m2\repository\org\junit\jupiter\junit-jupiter-engine\5.8.2\junit-jupiter-engine-5.8.2.jar;C:\Users\Michael\.m2\repository\org\junit\platform\junit-platform-engine\1.8.2\junit-platform-engine-1.8.2.jar;C:\Users\Michael\.m2\repository\org\junit\jupiter\junit-jupiter-api\5.8.2\junit-jupiter-api-5.8.2.jar;C:\Users\Michael\.m2\repository\org\opentest4j\opentest4j\1.2.0\opentest4j-1.2.0.jar;C:\Users\Michael\.m2\repository\org\junit\platform\junit-platform-commons\1.8.2\junit-platform-commons-1.8.2.jar;C:\Users\Michael\.m2\repository\org\apiguardian\apiguardian-api\1.1.2\apiguardian-api-1.1.2.jar;C:\Users\Michael\.m2\repository\org\junit\jupiter\junit-jupiter-params\5.8.2\junit-jupiter-params-5.8.2.jar;C:\Users\Michael\.m2\repository\org\openjfx\javafx-controls\19\javafx-controls-19.jar;C:\Users\Michael\.m2\repository\org\openjfx\javafx-controls\19\javafx-controls-19-win.jar;C:\Users\Michael\.m2\repository\org\openjfx\javafx-graphics\19\javafx-graphics-19.jar;C:\Users\Michael\.m2\repository\org\openjfx\javafx-graphics\19\javafx-graphics-19-win.jar;C:\Users\Michael\.m2\repository\org\openjfx\javafx-base\19\javafx-base-19.jar;C:\Users\Michael\.m2\repository\org\openjfx\javafx-base\19\javafx-base-19-win.jar;C:\Users\Michael\.m2\repository\org\openjfx\javafx-fxml\19\javafx-fxml-19.jar;C:\Users\Michael\.m2\repository\org\openjfx\javafx-fxml\19\javafx-fxml-19-win.jar;"/>
    <property name="sun.cpu.endian" value="little"/>
    <property name="user.home" value="C:\Users\Michael"/>
    <property name="user.language" value="en"/>
    <property name="java.specification.vendor" value="Oracle Corporation"/>
    <property name="java.version.date" value="2022-08-18"/>
    <property name="java.home" value="C:\Program Files\Java\jdk-17.0.4.1"/>
    <property name="file.separator" value="\"/>
    <property name="basedir" value="C:\Users\Michael\Documents\UIC-College\Junior\CS342\Project2\mjedzi3Project2"/>
    <property name="java.vm.compressedOopsMode" value="Zero based"/>
    <property name="line.separator" value="&#10;"/>
    <property name="java.vm.specification.vendor" value="Oracle Corporation"/>
    <property name="java.specification.name" value="Java Platform API Specification"/>
    <property name="surefire.real.class.path" value="C:\Users\Michael\AppData\Local\Temp\surefire13611433243603645207\surefirebooter4550883012343928021.jar"/>
    <property name="user.script" value=""/>
    <property name="sun.management.compiler" value="HotSpot 64-Bit Tiered Compilers"/>
    <property name="java.runtime.version" value="17.0.4.1+1-LTS-2"/>
    <property name="user.name" value="Michael"/>
    <property name="path.separator" value=";"/>
    <property name="os.version" value="10.0"/>
    <property name="java.runtime.name" value="Java(TM) SE Runtime Environment"/>
    <property name="file.encoding" value="Cp1252"/>
    <property name="java.vm.name" value="Java HotSpot(TM) 64-Bit Server VM"/>
    <property name="localRepository" value="C:\Users\Michael\.m2\repository"/>
    <property name="java.vendor.url.bug" value="https://bugreport.java.com/bugreport/"/>
    <property name="java.io.tmpdir" value="C:\Users\Michael\AppData\Local\Temp\"/>
    <property name="java.version" value="17.0.4.1"/>
    <property name="user.dir" value="C:\Users\Michael\Documents\UIC-College\Junior\CS342\Project2\mjedzi3Project2"/>
    <property name="os.arch" value="amd64"/>
    <property name="java.vm.specification.name" value="Java Virtual Machine Specification"/>
    <property name="sun.os.patch.level" value=""/>
    <property name="native.encoding" value="Cp1252"/>
    <property name="java.library.path" value="C:\Program Files\Java\jdk-17.0.4.1\bin;C:\WINDOWS\Sun\Java\bin;C:\WINDOWS\system32;C:\WINDOWS;C:\Program Files (x86)\VMware\VMware Workstation\bin\;C:\Program Files\Common Files\Oracle\Java\javapath;C:\Program Files (x86)\Common Files\Oracle\Java\javapath;C:\Program Files\Microsoft HPC Pack 2008 R2\Bin\;C:\Program Files (x86)\Intel\iCLS Client\;C:\Program Files\Intel\iCLS Client\;C:\WINDOWS\system32;C:\WINDOWS;C:\WINDOWS\System32\Wbem;C:\WINDOWS\System32\WindowsPowerShell\v1.0\;C:\Program Files (x86)\Intel\Intel(R) Management Engine Components\DAL;C:\Program Files\Intel\Intel(R) Management Engine Components\DAL;C:\Program Files (x86)\Intel\Intel(R) Management Engine Components\IPT;C:\Program Files\Intel\Intel(R) Management Engine Components\IPT;C:\WINDOWS\System32\OpenSSH\;C:\SIMULIA\Abaqus\Commands;C:\Program Files\Intel\WiFi\bin\;C:\Program Files\Common Files\Intel\WirelessCommon\;C:\Program Files\Git\cmd;C:\Users\Michael\AppData\Roaming\nvm;C:\Program Files\nodejs;C:\Program Files\PuTTY\;C:\Program Files\dotnet\;C:\Program Files\Java\jdk-17.0.4.1\bin;C:\Program Files\Java\jdk-17.0.4.1\bin;C:\Users\Michael\Documents\MAVEN\apache-maven-3.8.6\bin;C:\Users\Michael\AppData\Local\VanDyke Software\Clients\;C:\Users\Michael\AppData\Local\Microsoft\WindowsApps;C:\Users\Michael\AppData\Local\Programs\Microsoft VS Code\bin;C:\MinGW\bin;C:\Users\Michael\AppData\Roaming\nvm;C:\Program Files\nodejs;C:\Program Files\Lando\bin;."/>
    <property name="java.vm.info" value="mixed mode, sharing"/>
    <property name="java.vendor" value="Oracle Corporation"/>
    <property name="java.vm.version" value="17.0.4.1+1-LTS-2"/>
    <property name="sun.io.unicode.encoding" value="UnicodeLittle"/>
    <property name="java.class.version" value="61.0"/>
  </properties>
  <testcase name="testDeckValue2" classname="MyTest" time="0.026"/>
  <testcase name="testDeckValue3" classname="MyTest" time="0"/>
  <testcase name="testDeckConstruct" classname="MyTest" time="0"/>
  <testcase name="testLogicHigh" classname="MyTest" time="0.004"/>
  <testcase name="testLogicPair" classname="MyTest" time="0.001"/>
  <testcase name="testPPWinnings" classname="MyTest" time="0.002"/>
  <testcase name="testPPWinnings2" classname="MyTest" time="0.001"/>
  <testcase name="testPPWinnings3" classname="MyTest" time="0.001"/>
  <testcase name="testPPWinnings4" classname="MyTest" time="0.001"/>
  <testcase name="testPPWinnings5" classname="MyTest" time="0.001"/>
  <testcase name="testPPWinnings6" classname="MyTest" time="0"/>
  <testcase name="testDealnewDeck" classname="MyTest" time="0"/>
  <testcase name="testDealCardAmountConstruct" classname="MyTest" time="0"/>
  <testcase name="testnewDeck" classname="MyTest" time="0"/>
  <testcase name="testCompare2" classname="MyTest" time="0.001"/>
  <testcase name="testCompare3" classname="MyTest" time="0.001"/>
  <testcase name="testCompare4" classname="MyTest" time="0.001"/>
  <testcase name="testCompare5" classname="MyTest" time="0.001"/>
  <testcase name="testCompare6" classname="MyTest" time="0"/>
  <testcase name="testCompare7" classname="MyTest" time="0"/>
  <testcase name="testCompare8" classname="MyTest" time="0.001"/>
  <testcase name="testCompare" classname="MyTest" time="0"/>
  <testcase name="testEvalHigh" classname="MyTest" time="0.001"/>
  <testcase name="testDeckSuit2" classname="MyTest" time="0.001"/>
  <testcase name="testDeckValue" classname="MyTest" time="0"/>
  <testcase name="testLogicStrFlush" classname="MyTest" time="0"/>
  <testcase name="testLogicStraight" classname="MyTest" time="0.001"/>
  <testcase name="testDealHand" classname="MyTest" time="0.001"/>
  <testcase name="testDeckSuit" classname="MyTest" time="0.001"/>
  <testcase name="testLogicFlush" classname="MyTest" time="0"/>
  <testcase name="testLogicThree" classname="MyTest" time="0"/>
</testsuite>